app/build/outputs/logs/manifest-merger-debug-report.txt
-- Merging decision tree log ---
manifest
ADDED from src\main\AndroidManifest.xml:19:1-85:12
INJECTED from src\main\AndroidManifest.xml:19:1-85:12
INJECTED from src\main\AndroidManifest.xml:19:1-85:12
INJECTED from src\main\AndroidManifest.xml:19:1-85:12
MERGED from [com.android.support:support-v4:22.2.1] AndroidManifest.xml:17:1-24:12
INJECTED from src\main\AndroidManifest.xml:19:1-85:12
INJECTED from src\main\AndroidManifest.xml:19:1-85:12
INJECTED from src\main\AndroidManifest.xml:19:1-85:12
	package
		ADDED from src\main\AndroidManifest.xml:20:5-44
		INJECTED from src\main\AndroidManifest.xml
		INJECTED from src\main\AndroidManifest.xml
	android:versionName
		ADDED from src\main\AndroidManifest.xml:22:5-30
		INJECTED from src\main\AndroidManifest.xml
		INJECTED from src\main\AndroidManifest.xml
	xmlns:android
		ADDED from src\main\AndroidManifest.xml:19:11-69
	android:versionCode
		ADDED from src\main\AndroidManifest.xml:21:5-28
		INJECTED from src\main\AndroidManifest.xml
		INJECTED from src\main\AndroidManifest.xml
uses-sdk
ADDED from src\main\AndroidManifest.xml:24:5-26:41
INJECTED from src\main\AndroidManifest.xml:24:5-26:41
INJECTED from src\main\AndroidManifest.xml:24:5-26:41
MERGED from [com.android.support:support-v4:22.2.1] AndroidManifest.xml:20:5-43
MERGED from [com.android.support:support-v4:22.2.1] AndroidManifest.xml:20:5-43
INJECTED from src\main\AndroidManifest.xml:24:5-26:41
INJECTED from src\main\AndroidManifest.xml:24:5-26:41
	android:targetSdkVersion
		ADDED from src\main\AndroidManifest.xml:26:9-38
		INJECTED from src\main\AndroidManifest.xml
		INJECTED from src\main\AndroidManifest.xml
	android:minSdkVersion
		ADDED from src\main\AndroidManifest.xml:25:9-34
		INJECTED from src\main\AndroidManifest.xml
		INJECTED from src\main\AndroidManifest.xml
uses-permission#BIND_DEVICE_ADMIN
ADDED from src\main\AndroidManifest.xml:28:5-57
	android:name
		ADDED from src\main\AndroidManifest.xml:28:22-54
application
ADDED from src\main\AndroidManifest.xml:30:5-83:19
MERGED from [com.android.support:support-v4:22.2.1] AndroidManifest.xml:22:5-20
MERGED from [com.android.support:support-v4:22.2.1] AndroidManifest.xml:22:5-20
	android:label
		ADDED from src\main\AndroidManifest.xml:33:9-41
	android:icon
		ADDED from src\main\AndroidManifest.xml:32:9-45
	android:allowBackup
		ADDED from src\main\AndroidManifest.xml:31:9-35
	android:theme
		ADDED from src\main\AndroidManifest.xml:34:9-40
activity#com.ganasoft.lockscreenWidget.lockscreenWidgetActivity
ADDED from src\main\AndroidManifest.xml:35:10-43:21
	android:label
		ADDED from src\main\AndroidManifest.xml:37:14-46
	android:name
		ADDED from src\main\AndroidManifest.xml:36:13-82
intent-filter#android.intent.action.MAIN+android.intent.category.LAUNCHER
ADDED from src\main\AndroidManifest.xml:38:14-42:30
action#android.intent.action.MAIN
ADDED from src\main\AndroidManifest.xml:39:18-70
	android:name
		ADDED from src\main\AndroidManifest.xml:39:26-67
category#android.intent.category.LAUNCHER
ADDED from src\main\AndroidManifest.xml:41:18-78
	android:name
		ADDED from src\main\AndroidManifest.xml:41:28-75
receiver#com.ganasoft.lockscreenWidget.lockscreenWidgetProvider
ADDED from src\main\AndroidManifest.xml:45:9-53:20
	android:name
		ADDED from src\main\AndroidManifest.xml:45:19-58
intent-filter#android.appwidget.action.APPWIDGET_UPDATE
ADDED from src\main\AndroidManifest.xml:46:13-48:29
action#android.appwidget.action.APPWIDGET_UPDATE
ADDED from src\main\AndroidManifest.xml:47:17-84
	android:name
		ADDED from src\main\AndroidManifest.xml:47:25-81
meta-data#android.appwidget.provider
ADDED from src\main\AndroidManifest.xml:50:13-52:55
	android:resource
		ADDED from src\main\AndroidManifest.xml:52:17-52
	android:name
		ADDED from src\main\AndroidManifest.xml:51:17-58
activity#com.ganasoft.lockscreenWidget.lockscreenWidgetConfig
ADDED from src\main\AndroidManifest.xml:54:9-59:20
	android:label
		ADDED from src\main\AndroidManifest.xml:55:9-48
	android:name
		ADDED from src\main\AndroidManifest.xml:54:19-57
intent-filter#android.appwidget.action.APPWIDGET_CONFIGURE
ADDED from src\main\AndroidManifest.xml:56:9-58:25
action#android.appwidget.action.APPWIDGET_CONFIGURE
ADDED from src\main\AndroidManifest.xml:57:9-79
	android:name
		ADDED from src\main\AndroidManifest.xml:57:17-76
receiver#com.ganasoft.lockscreenWidget.DeviceAdminSample
ADDED from src\main\AndroidManifest.xml:60:9-72:20
	android:label
		ADDED from src\main\AndroidManifest.xml:63:13-56
	android:permission
		ADDED from src\main\AndroidManifest.xml:64:13-70
	android:description
		ADDED from src\main\AndroidManifest.xml:62:13-74
	android:name
		ADDED from src\main\AndroidManifest.xml:61:13-45
meta-data#android.app.device_admin
ADDED from src\main\AndroidManifest.xml:65:13-67:63
	android:resource
		ADDED from src\main\AndroidManifest.xml:67:17-60
	android:name
		ADDED from src\main\AndroidManifest.xml:66:17-56
intent-filter#android.app.action.DEVICE_ADMIN_ENABLED
ADDED from src\main\AndroidManifest.xml:69:13-71:29
action#android.app.action.DEVICE_ADMIN_ENABLED
ADDED from src\main\AndroidManifest.xml:70:17-82
	android:name
		ADDED from src\main\AndroidManifest.xml:70:25-79
activity#com.ganasoft.lockscreenWidget.DeviceAdminSample$Controller
ADDED from src\main\AndroidManifest.xml:74:9-82:20
	android:label
		ADDED from src\main\AndroidManifest.xml:76:13-65
	android:name
		ADDED from src\main\AndroidManifest.xml:75:13-56
intent-filter#android.intent.action.MAIN+android.intent.category.DEFAULT
ADDED from src\main\AndroidManifest.xml:77:13-81:29
category#android.intent.category.DEFAULT
ADDED from src\main\AndroidManifest.xml:79:17-76
	android:name
		ADDED from src\main\AndroidManifest.xml:79:27-73